<?xml version="1.0" encoding="UTF-8"?>
<robot generator="Robot 3.2.2 (Python 3.8.5 on win32)" generated="20210112 17:03:07.426" rpa="false">
<suite id="s1" name="LoginApplication" source="C:\Users\RemmelO\Desktop\My_Files\Robot Framework\documentation\PycharmProjects\secondRobotAutomation\Script\LoginApplication.robot">
<test id="s1-t1" name="LoginTest">
<kw name="To open the application" library="login_scenario">
<kw name="Open Browser" library="SeleniumLibrary">
<doc>Opens a new browser instance to the optional ``url``.</doc>
<arguments>
<arg>${url}</arg>
<arg>${browser}</arg>
</arguments>
<msg timestamp="20210112 17:03:07.897" level="INFO">Opening browser 'chrome' to base url 'https://demo.nopcommerce.com/'.</msg>
<status status="PASS" starttime="20210112 17:03:07.897" endtime="20210112 17:03:17.995"></status>
</kw>
<status status="PASS" starttime="20210112 17:03:07.897" endtime="20210112 17:03:17.996"></status>
</kw>
<kw name="To login the application" library="login_scenario">
<arguments>
<arg>${user_email}</arg>
<arg>${user_password}</arg>
</arguments>
<kw name="Maximize Browser Window" library="SeleniumLibrary">
<doc>Maximizes current browser window.</doc>
<status status="PASS" starttime="20210112 17:03:17.997" endtime="20210112 17:03:18.134"></status>
</kw>
<kw name="Sleep" library="BuiltIn">
<doc>Pauses the test executed for the given time.</doc>
<arguments>
<arg>1</arg>
</arguments>
<msg timestamp="20210112 17:03:19.135" level="INFO">Slept 1 second</msg>
<status status="PASS" starttime="20210112 17:03:18.134" endtime="20210112 17:03:19.135"></status>
</kw>
<kw name="Click Link" library="SeleniumLibrary">
<doc>Clicks a link identified by ``locator``.</doc>
<arguments>
<arg>${login_link}</arg>
</arguments>
<msg timestamp="20210112 17:03:19.135" level="INFO">Clicking link '//div[@class='header-links']//a[@class='ico-login']'.</msg>
<status status="PASS" starttime="20210112 17:03:19.135" endtime="20210112 17:03:20.500"></status>
</kw>
<kw name="Sleep" library="BuiltIn">
<doc>Pauses the test executed for the given time.</doc>
<arguments>
<arg>2</arg>
</arguments>
<msg timestamp="20210112 17:03:22.501" level="INFO">Slept 2 seconds</msg>
<status status="PASS" starttime="20210112 17:03:20.500" endtime="20210112 17:03:22.501"></status>
</kw>
<kw name="Input Text" library="SeleniumLibrary">
<doc>Types the given ``text`` into the text field identified by ``locator``.</doc>
<arguments>
<arg>${input_email}</arg>
<arg>text=${user_email}</arg>
</arguments>
<msg timestamp="20210112 17:03:22.501" level="INFO">Typing text 'pavanoLtraining@gmail.com' into text field '//div[@class='form-fields']//input[@id='Email']'.</msg>
<status status="PASS" starttime="20210112 17:03:22.501" endtime="20210112 17:03:22.641"></status>
</kw>
<kw name="Input Text" library="SeleniumLibrary">
<doc>Types the given ``text`` into the text field identified by ``locator``.</doc>
<arguments>
<arg>${input_password}</arg>
<arg>text=${user_password}</arg>
</arguments>
<msg timestamp="20210112 17:03:22.641" level="INFO">Typing text 'Test123!' into text field '//div[@class='form-fields']//input[@id='Password']'.</msg>
<status status="PASS" starttime="20210112 17:03:22.641" endtime="20210112 17:03:22.729"></status>
</kw>
<kw name="Click Element" library="SeleniumLibrary">
<doc>Click the element identified by ``locator``.</doc>
<arguments>
<arg>${login_button}</arg>
</arguments>
<msg timestamp="20210112 17:03:22.730" level="INFO">Clicking element '//div[@class='buttons']//input[@class='button-1 login-button']'.</msg>
<status status="PASS" starttime="20210112 17:03:22.729" endtime="20210112 17:03:24.005"></status>
</kw>
<status status="PASS" starttime="20210112 17:03:17.996" endtime="20210112 17:03:24.005"></status>
</kw>
<kw name="Close Browser" library="SeleniumLibrary">
<doc>Closes the current browser.</doc>
<status status="PASS" starttime="20210112 17:03:24.006" endtime="20210112 17:03:28.087"></status>
</kw>
<status status="PASS" starttime="20210112 17:03:07.896" endtime="20210112 17:03:28.088" critical="yes"></status>
</test>
<test id="s1-t2" name="ForLoop">
<kw name="Create List" library="BuiltIn">
<doc>Returns a list containing given items.</doc>
<arguments>
<arg>emely gerald ronald grey</arg>
</arguments>
<assign>
<var>@{item}</var>
</assign>
<msg timestamp="20210112 17:03:28.090" level="INFO">@{item} = [ emely gerald ronald grey ]</msg>
<status status="PASS" starttime="20210112 17:03:28.089" endtime="20210112 17:03:28.090"></status>
</kw>
<kw name="${i} IN [ @{item} ]" type="for">
<kw name="${i} = emely gerald ronald grey" type="foritem">
<kw name="Log To Console" library="BuiltIn">
<doc>Logs the given message to the console.</doc>
<arguments>
<arg>${i}</arg>
</arguments>
<status status="PASS" starttime="20210112 17:03:28.091" endtime="20210112 17:03:28.092"></status>
</kw>
<kw name="Exit For Loop If" library="BuiltIn">
<doc>Stops executing the enclosing for loop if the ``condition`` is true.</doc>
<arguments>
<arg>${i}==ronald</arg>
</arguments>
<msg timestamp="20210112 17:03:28.093" level="FAIL">Evaluating expression 'emely gerald ronald grey==ronald' failed: SyntaxError: invalid syntax (&lt;string&gt;, line 1)</msg>
<status status="FAIL" starttime="20210112 17:03:28.092" endtime="20210112 17:03:28.093"></status>
</kw>
<status status="FAIL" starttime="20210112 17:03:28.091" endtime="20210112 17:03:28.093"></status>
</kw>
<status status="FAIL" starttime="20210112 17:03:28.090" endtime="20210112 17:03:28.093"></status>
</kw>
<status status="FAIL" starttime="20210112 17:03:28.088" endtime="20210112 17:03:28.094" critical="yes">Evaluating expression 'emely gerald ronald grey==ronald' failed: SyntaxError: invalid syntax (&lt;string&gt;, line 1)</status>
</test>
<doc>To Login scenario</doc>
<status status="FAIL" starttime="20210112 17:03:07.430" endtime="20210112 17:03:28.097"></status>
</suite>
<statistics>
<total>
<stat pass="1" fail="1">Critical Tests</stat>
<stat pass="1" fail="1">All Tests</stat>
</total>
<tag>
</tag>
<suite>
<stat pass="1" fail="1" id="s1" name="LoginApplication">LoginApplication</stat>
</suite>
</statistics>
<errors>
</errors>
</robot>
