<?xml version="1.0" encoding="UTF-8"?>
<robot generator="Robot 3.1.2 (Python 3.8.2 on win32)" generated="20200409 17:37:14.485" rpa="false">
<suite id="s1" name="FT-AZ002 FilterByBrandAndStars" source="C:\Users\Rjosh-PC\PycharmProjects\AmazonAutomation\Scripts\Products\FT-AZ002_FilterByBrandAndStars.robot">
<test id="s1-t1" name="Search the Product">
<kw name="Open Amazon Homepage" library="scenarioHomepage">
<doc>This will open a browser and Amazon Homepage</doc>
<kw name="Open Browser" library="Selenium2Library">
<doc>Opens a new browser instance to the optional ``url``.</doc>
<arguments>
<arg>${test_envi}</arg>
<arg>${browser}</arg>
</arguments>
<msg timestamp="20200409 17:37:16.747" level="INFO">Opening browser 'Chrome' to base url 'https://www.amazon.com/'.</msg>
<status status="PASS" starttime="20200409 17:37:16.746" endtime="20200409 17:37:22.527"></status>
</kw>
<kw name="Maximize Browser Window" library="Selenium2Library">
<doc>Maximizes current browser window.</doc>
<status status="PASS" starttime="20200409 17:37:22.527" endtime="20200409 17:37:36.810"></status>
</kw>
<kw name="Wait Until Page Contains Element" library="Selenium2Library">
<doc>Waits until the element ``locator`` appears on the current page.</doc>
<arguments>
<arg>${homepage_amazonlogo}</arg>
<arg>timeout=60</arg>
</arguments>
<status status="PASS" starttime="20200409 17:37:36.811" endtime="20200409 17:37:36.867"></status>
</kw>
<kw name="Sleep" library="BuiltIn">
<doc>Pauses the test executed for the given time.</doc>
<arguments>
<arg>3</arg>
</arguments>
<msg timestamp="20200409 17:37:39.869" level="INFO">Slept 3 seconds</msg>
<status status="PASS" starttime="20200409 17:37:36.868" endtime="20200409 17:37:39.870"></status>
</kw>
<kw name="Element Should Be Visible" library="Selenium2Library">
<doc>Verifies that the element identified by ``locator`` is visible.</doc>
<arguments>
<arg>${homepage_inputsearch}</arg>
</arguments>
<msg timestamp="20200409 17:37:39.948" level="INFO">Element '//div[@id='nav-search']//input[@id='twotabsearchtextbox']' is displayed.</msg>
<status status="PASS" starttime="20200409 17:37:39.871" endtime="20200409 17:37:39.948"></status>
</kw>
<kw name="Element Should Be Visible" library="Selenium2Library">
<doc>Verifies that the element identified by ``locator`` is visible.</doc>
<arguments>
<arg>${homepage_buttonsearch}</arg>
</arguments>
<msg timestamp="20200409 17:37:39.979" level="INFO">Element '//div[@id='nav-search']//input[@value='Go']' is displayed.</msg>
<status status="PASS" starttime="20200409 17:37:39.948" endtime="20200409 17:37:39.979"></status>
</kw>
<kw name="Page Should Contain Element" library="Selenium2Library">
<doc>Verifies that element ``locator`` is found on the current page.</doc>
<arguments>
<arg>${homepage_dropdownfilter}</arg>
</arguments>
<msg timestamp="20200409 17:37:39.992" level="INFO">Current page contains element '//div[@id='nav-search']//select[@id='searchDropdownBox']'.</msg>
<status status="PASS" starttime="20200409 17:37:39.979" endtime="20200409 17:37:39.992"></status>
</kw>
<kw name="Element Should Be Visible" library="Selenium2Library">
<doc>Verifies that the element identified by ``locator`` is visible.</doc>
<arguments>
<arg>${homepage_iconcart}</arg>
</arguments>
<msg timestamp="20200409 17:37:40.013" level="INFO">Element '//div[@id='nav-tools']//a[@id='nav-cart']' is displayed.</msg>
<status status="PASS" starttime="20200409 17:37:39.992" endtime="20200409 17:37:40.013"></status>
</kw>
<kw name="Element Should Be Visible" library="Selenium2Library">
<doc>Verifies that the element identified by ``locator`` is visible.</doc>
<arguments>
<arg>${homepage_iconmenu}</arg>
</arguments>
<msg timestamp="20200409 17:37:40.036" level="INFO">Element '//div[@id='nav-belt']//a[@id='nav-hamburger-menu']' is displayed.</msg>
<status status="PASS" starttime="20200409 17:37:40.014" endtime="20200409 17:37:40.037"></status>
</kw>
<status status="PASS" starttime="20200409 17:37:16.745" endtime="20200409 17:37:40.037"></status>
</kw>
<kw name="Search Products" library="scenarioHomepage">
<doc>This will search a product</doc>
<arguments>
<arg>${productSearch}</arg>
</arguments>
<kw name="Wait Until Element Is Visible" library="Selenium2Library">
<doc>Waits until the element ``locator`` is visible.</doc>
<arguments>
<arg>${homepage_inputsearch}</arg>
<arg>timeout=60</arg>
</arguments>
<status status="PASS" starttime="20200409 17:37:40.040" endtime="20200409 17:37:40.058"></status>
</kw>
<kw name="Click Element" library="Selenium2Library">
<doc>Click the element identified by ``locator``.</doc>
<arguments>
<arg>${homepage_inputsearch}</arg>
</arguments>
<msg timestamp="20200409 17:37:40.058" level="INFO">Clicking element '//div[@id='nav-search']//input[@id='twotabsearchtextbox']'.</msg>
<status status="PASS" starttime="20200409 17:37:40.058" endtime="20200409 17:37:40.135"></status>
</kw>
<kw name="Sleep" library="BuiltIn">
<doc>Pauses the test executed for the given time.</doc>
<arguments>
<arg>1</arg>
</arguments>
<msg timestamp="20200409 17:37:41.135" level="INFO">Slept 1 second</msg>
<status status="PASS" starttime="20200409 17:37:40.135" endtime="20200409 17:37:41.136"></status>
</kw>
<kw name="Input Text" library="Selenium2Library">
<doc>Types the given ``text`` into the text field identified by ``locator``.</doc>
<arguments>
<arg>${homepage_inputsearch}</arg>
<arg>text=${product}</arg>
</arguments>
<msg timestamp="20200409 17:37:41.138" level="INFO">Typing text 'mask' into text field '//div[@id='nav-search']//input[@id='twotabsearchtextbox']'.</msg>
<status status="PASS" starttime="20200409 17:37:41.136" endtime="20200409 17:37:41.445"></status>
</kw>
<kw name="Click Element" library="Selenium2Library">
<doc>Click the element identified by ``locator``.</doc>
<arguments>
<arg>${homepage_buttonsearch}</arg>
</arguments>
<msg timestamp="20200409 17:37:41.446" level="INFO">Clicking element '//div[@id='nav-search']//input[@value='Go']'.</msg>
<status status="PASS" starttime="20200409 17:37:41.445" endtime="20200409 17:37:46.104"></status>
</kw>
<kw name="Sleep" library="BuiltIn">
<doc>Pauses the test executed for the given time.</doc>
<arguments>
<arg>2</arg>
</arguments>
<msg timestamp="20200409 17:37:48.106" level="INFO">Slept 2 seconds</msg>
<status status="PASS" starttime="20200409 17:37:46.104" endtime="20200409 17:37:48.106"></status>
</kw>
<status status="PASS" starttime="20200409 17:37:40.039" endtime="20200409 17:37:48.107"></status>
</kw>
<kw name="Verify if the Search Results is displayed" library="scenarioSearchResults">
<doc>This will verify if the search product is displayed in the Page</doc>
<kw name="Wait Until Page Contains Element" library="Selenium2Library">
<doc>Waits until the element ``locator`` appears on the current page.</doc>
<arguments>
<arg>${searchResult_AllResult}</arg>
<arg>timeout=60</arg>
</arguments>
<status status="PASS" starttime="20200409 17:37:48.109" endtime="20200409 17:37:48.155"></status>
</kw>
<kw name="Sleep" library="BuiltIn">
<doc>Pauses the test executed for the given time.</doc>
<arguments>
<arg>2</arg>
</arguments>
<msg timestamp="20200409 17:37:50.157" level="INFO">Slept 2 seconds</msg>
<status status="PASS" starttime="20200409 17:37:48.155" endtime="20200409 17:37:50.157"></status>
</kw>
<status status="PASS" starttime="20200409 17:37:48.108" endtime="20200409 17:37:50.157"></status>
</kw>
<doc>This will search the product and it should be redirect to the Search Result Page</doc>
<status status="PASS" starttime="20200409 17:37:16.743" endtime="20200409 17:37:50.158" critical="yes"></status>
</test>
<test id="s1-t2" name="Filter the Products by Average Customer Review">
<kw name="Scroll Page To Location" library="scenarioHomepage">
<arguments>
<arg>0</arg>
<arg>300</arg>
</arguments>
<kw name="Execute Javascript" library="Selenium2Library">
<doc>Executes the given JavaScript code with possible arguments.</doc>
<arguments>
<arg>window.scrollTo(${x_location},${y_location})</arg>
</arguments>
<msg timestamp="20200409 17:37:50.201" level="INFO">Executing JavaScript:
window.scrollTo(0,300)
Without any arguments.</msg>
<status status="PASS" starttime="20200409 17:37:50.196" endtime="20200409 17:37:50.241"></status>
</kw>
<status status="PASS" starttime="20200409 17:37:50.194" endtime="20200409 17:37:50.242"></status>
</kw>
<kw name="Filter by Average Customer Review" library="scenarioSearchResults">
<doc>This will filter the value based on Customer Review
Verify if the list is sorted based on stars</doc>
<arguments>
<arg>${stars}</arg>
</arguments>
<kw name="Wait Until Element Is Visible" library="Selenium2Library">
<doc>Waits until the element ``locator`` is visible.</doc>
<arguments>
<arg>//div[@id='reviewsRefinements']//li[contains(.,'${stars} Star')]</arg>
<arg>timeout=60</arg>
</arguments>
<status status="PASS" starttime="20200409 17:37:50.247" endtime="20200409 17:37:50.295"></status>
</kw>
<kw name="Sleep" library="BuiltIn">
<doc>Pauses the test executed for the given time.</doc>
<arguments>
<arg>2</arg>
</arguments>
<msg timestamp="20200409 17:37:52.296" level="INFO">Slept 2 seconds</msg>
<status status="PASS" starttime="20200409 17:37:50.295" endtime="20200409 17:37:52.296"></status>
</kw>
<kw name="Click Element" library="Selenium2Library">
<doc>Click the element identified by ``locator``.</doc>
<arguments>
<arg>//div[@id='reviewsRefinements']//li[contains(.,'${stars} Star')]</arg>
</arguments>
<msg timestamp="20200409 17:37:52.298" level="INFO">Clicking element '//div[@id='reviewsRefinements']//li[contains(.,'4 Star')]'.</msg>
<status status="PASS" starttime="20200409 17:37:52.297" endtime="20200409 17:37:54.655"></status>
</kw>
<kw name="Wait Until Element Is Visible" library="Selenium2Library">
<doc>Waits until the element ``locator`` is visible.</doc>
<arguments>
<arg>//div[@class='a-section a-spacing-small a-spacing-top-small']//span[contains(.,'${stars} Star')]</arg>
<arg>timeout=60</arg>
</arguments>
<status status="PASS" starttime="20200409 17:37:54.655" endtime="20200409 17:37:54.740"></status>
</kw>
<status status="PASS" starttime="20200409 17:37:50.245" endtime="20200409 17:37:54.740"></status>
</kw>
<kw name="Sleep" library="BuiltIn">
<doc>Pauses the test executed for the given time.</doc>
<arguments>
<arg>2</arg>
</arguments>
<msg timestamp="20200409 17:37:56.741" level="INFO">Slept 2 seconds</msg>
<status status="PASS" starttime="20200409 17:37:54.740" endtime="20200409 17:37:56.741"></status>
</kw>
<kw name="Scroll Page To Location" library="scenarioHomepage">
<arguments>
<arg>0</arg>
<arg>300</arg>
</arguments>
<kw name="Execute Javascript" library="Selenium2Library">
<doc>Executes the given JavaScript code with possible arguments.</doc>
<arguments>
<arg>window.scrollTo(${x_location},${y_location})</arg>
</arguments>
<msg timestamp="20200409 17:37:56.746" level="INFO">Executing JavaScript:
window.scrollTo(0,300)
Without any arguments.</msg>
<status status="PASS" starttime="20200409 17:37:56.744" endtime="20200409 17:37:56.780"></status>
</kw>
<status status="PASS" starttime="20200409 17:37:56.743" endtime="20200409 17:37:56.780"></status>
</kw>
<kw name="Clear Filter by Average Customer Review" library="scenarioSearchResults">
<doc>This will clear the filter of Average Customer Review</doc>
<kw name="Wait Until Element Is Visible" library="Selenium2Library">
<doc>Waits until the element ``locator`` is visible.</doc>
<arguments>
<arg>${searchresult_listaveragecustomerreview_linkclear}</arg>
<arg>timeout=60</arg>
</arguments>
<status status="PASS" starttime="20200409 17:37:56.783" endtime="20200409 17:37:56.821"></status>
</kw>
<kw name="Sleep" library="BuiltIn">
<doc>Pauses the test executed for the given time.</doc>
<arguments>
<arg>2</arg>
</arguments>
<msg timestamp="20200409 17:37:58.821" level="INFO">Slept 2 seconds</msg>
<status status="PASS" starttime="20200409 17:37:56.821" endtime="20200409 17:37:58.822"></status>
</kw>
<kw name="Click Element" library="Selenium2Library">
<doc>Click the element identified by ``locator``.</doc>
<arguments>
<arg>${searchresult_listaveragecustomerreview_linkclear}</arg>
</arguments>
<msg timestamp="20200409 17:37:58.823" level="INFO">Clicking element '//div[@id='reviewsRefinements']//a[contains(.,'Clear')]'.</msg>
<status status="PASS" starttime="20200409 17:37:58.822" endtime="20200409 17:38:01.389"></status>
</kw>
<kw name="Wait Until Page Does Not Contain Element" library="Selenium2Library">
<doc>Waits until the element ``locator`` disappears from the current page.</doc>
<arguments>
<arg>${searchresult_listaveragecustomerreview_linkclear}</arg>
<arg>timeout=60</arg>
</arguments>
<status status="PASS" starttime="20200409 17:38:01.389" endtime="20200409 17:38:01.405"></status>
</kw>
<kw name="Sleep" library="BuiltIn">
<doc>Pauses the test executed for the given time.</doc>
<arguments>
<arg>2</arg>
</arguments>
<msg timestamp="20200409 17:38:03.407" level="INFO">Slept 2 seconds</msg>
<status status="PASS" starttime="20200409 17:38:01.405" endtime="20200409 17:38:03.408"></status>
</kw>
<status status="PASS" starttime="20200409 17:37:56.781" endtime="20200409 17:38:03.408"></status>
</kw>
<doc>This will filter the products search result based on the selected criteria of Avg. Customer Review</doc>
<status status="PASS" starttime="20200409 17:37:50.192" endtime="20200409 17:38:03.410" critical="yes"></status>
</test>
<test id="s1-t3" name="Filter the Products by Brand">
<kw name="Scroll Page To Location" library="scenarioHomepage">
<arguments>
<arg>0</arg>
<arg>600</arg>
</arguments>
<kw name="Execute Javascript" library="Selenium2Library">
<doc>Executes the given JavaScript code with possible arguments.</doc>
<arguments>
<arg>window.scrollTo(${x_location},${y_location})</arg>
</arguments>
<msg timestamp="20200409 17:38:03.420" level="INFO">Executing JavaScript:
window.scrollTo(0,600)
Without any arguments.</msg>
<status status="PASS" starttime="20200409 17:38:03.418" endtime="20200409 17:38:03.459"></status>
</kw>
<status status="PASS" starttime="20200409 17:38:03.416" endtime="20200409 17:38:03.459"></status>
</kw>
<kw name="Sleep" library="BuiltIn">
<doc>Pauses the test executed for the given time.</doc>
<arguments>
<arg>5</arg>
</arguments>
<msg timestamp="20200409 17:38:08.461" level="INFO">Slept 5 seconds</msg>
<status status="PASS" starttime="20200409 17:38:03.460" endtime="20200409 17:38:08.461"></status>
</kw>
<kw name="Filter by Brand" library="scenarioSearchResults">
<doc>This will filter the value based on Customer Review
Verify if the list is sorted based on stars</doc>
<arguments>
<arg>${brand}</arg>
</arguments>
<kw name="Wait Until Element Is Visible" library="Selenium2Library">
<doc>Waits until the element ``locator`` is visible.</doc>
<arguments>
<arg>//div[@id='brandsRefinements']//li[contains(.,'${brand}')]//label</arg>
<arg>timeout=60</arg>
</arguments>
<status status="PASS" starttime="20200409 17:38:08.465" endtime="20200409 17:38:08.522"></status>
</kw>
<kw name="Sleep" library="BuiltIn">
<doc>Pauses the test executed for the given time.</doc>
<arguments>
<arg>2</arg>
</arguments>
<msg timestamp="20200409 17:38:10.523" level="INFO">Slept 2 seconds</msg>
<status status="PASS" starttime="20200409 17:38:08.522" endtime="20200409 17:38:10.523"></status>
</kw>
<kw name="Click Element" library="Selenium2Library">
<doc>Click the element identified by ``locator``.</doc>
<arguments>
<arg>//div[@id='brandsRefinements']//li[contains(.,'${brand}')]//label</arg>
</arguments>
<msg timestamp="20200409 17:38:10.525" level="INFO">Clicking element '//div[@id='brandsRefinements']//li[contains(.,'Luxury Mask')]//label'.</msg>
<status status="PASS" starttime="20200409 17:38:10.524" endtime="20200409 17:38:14.262"></status>
</kw>
<kw name="Wait Until Element Is Visible" library="Selenium2Library">
<doc>Waits until the element ``locator`` is visible.</doc>
<arguments>
<arg>//div[@class='a-section a-spacing-small a-spacing-top-small']//span[contains(.,'${brand}')]</arg>
<arg>timeout=60</arg>
</arguments>
<status status="PASS" starttime="20200409 17:38:14.262" endtime="20200409 17:38:14.364"></status>
</kw>
<status status="PASS" starttime="20200409 17:38:08.463" endtime="20200409 17:38:14.364"></status>
</kw>
<kw name="Sleep" library="BuiltIn">
<doc>Pauses the test executed for the given time.</doc>
<arguments>
<arg>2</arg>
</arguments>
<msg timestamp="20200409 17:38:16.365" level="INFO">Slept 2 seconds</msg>
<status status="PASS" starttime="20200409 17:38:14.365" endtime="20200409 17:38:16.365"></status>
</kw>
<kw name="Scroll Page To Location" library="scenarioHomepage">
<arguments>
<arg>0</arg>
<arg>600</arg>
</arguments>
<kw name="Execute Javascript" library="Selenium2Library">
<doc>Executes the given JavaScript code with possible arguments.</doc>
<arguments>
<arg>window.scrollTo(${x_location},${y_location})</arg>
</arguments>
<msg timestamp="20200409 17:38:16.370" level="INFO">Executing JavaScript:
window.scrollTo(0,600)
Without any arguments.</msg>
<status status="PASS" starttime="20200409 17:38:16.368" endtime="20200409 17:38:16.409"></status>
</kw>
<status status="PASS" starttime="20200409 17:38:16.367" endtime="20200409 17:38:16.410"></status>
</kw>
<kw name="Clear Filter by Brand" library="scenarioSearchResults">
<doc>This will clear the filter of Average Customer Review</doc>
<kw name="Wait Until Element Is Visible" library="Selenium2Library">
<doc>Waits until the element ``locator`` is visible.</doc>
<arguments>
<arg>${searchResult_listBrand_linkClear}</arg>
<arg>timeout=60</arg>
</arguments>
<status status="PASS" starttime="20200409 17:38:16.413" endtime="20200409 17:38:16.457"></status>
</kw>
<kw name="Sleep" library="BuiltIn">
<doc>Pauses the test executed for the given time.</doc>
<arguments>
<arg>2</arg>
</arguments>
<msg timestamp="20200409 17:38:18.460" level="INFO">Slept 2 seconds</msg>
<status status="PASS" starttime="20200409 17:38:16.458" endtime="20200409 17:38:18.460"></status>
</kw>
<kw name="Click Element" library="Selenium2Library">
<doc>Click the element identified by ``locator``.</doc>
<arguments>
<arg>${searchResult_listBrand_linkClear}</arg>
</arguments>
<msg timestamp="20200409 17:38:18.462" level="INFO">Clicking element '//div[@id='brandsRefinements']//a[contains(.,'Clear')]'.</msg>
<status status="PASS" starttime="20200409 17:38:18.461" endtime="20200409 17:38:21.023"></status>
</kw>
<kw name="Wait Until Page Does Not Contain Element" library="Selenium2Library">
<doc>Waits until the element ``locator`` disappears from the current page.</doc>
<arguments>
<arg>${searchResult_listBrand_linkClear}</arg>
<arg>timeout=60</arg>
</arguments>
<status status="PASS" starttime="20200409 17:38:21.023" endtime="20200409 17:38:21.125"></status>
</kw>
<kw name="Sleep" library="BuiltIn">
<doc>Pauses the test executed for the given time.</doc>
<arguments>
<arg>2</arg>
</arguments>
<msg timestamp="20200409 17:38:23.126" level="INFO">Slept 2 seconds</msg>
<status status="PASS" starttime="20200409 17:38:21.126" endtime="20200409 17:38:23.126"></status>
</kw>
<status status="PASS" starttime="20200409 17:38:16.412" endtime="20200409 17:38:23.127"></status>
</kw>
<doc>This will filter the products search result based on the selected criteria of Brand</doc>
<status status="PASS" starttime="20200409 17:38:03.413" endtime="20200409 17:38:23.127" critical="yes"></status>
</test>
<test id="s1-t4" name="Ending Script Execution">
<kw name="Closing Browser" library="scenarioHomepage">
<doc>This will close the browser open</doc>
<kw name="Sleep" library="BuiltIn">
<doc>Pauses the test executed for the given time.</doc>
<arguments>
<arg>2</arg>
</arguments>
<msg timestamp="20200409 17:38:25.132" level="INFO">Slept 2 seconds</msg>
<status status="PASS" starttime="20200409 17:38:23.130" endtime="20200409 17:38:25.133"></status>
</kw>
<kw name="Close Browser" library="Selenium2Library">
<doc>Closes the current browser.</doc>
<status status="PASS" starttime="20200409 17:38:25.134" endtime="20200409 17:38:27.407"></status>
</kw>
<status status="PASS" starttime="20200409 17:38:23.130" endtime="20200409 17:38:27.407"></status>
</kw>
<doc>This will close all the browser and end the script execution</doc>
<status status="PASS" starttime="20200409 17:38:23.129" endtime="20200409 17:38:27.407" critical="yes"></status>
</test>
<doc>This script will search a product
and add it to cart and verify if the item was successfully added to the cart</doc>
<status status="PASS" starttime="20200409 17:37:14.485" endtime="20200409 17:38:27.410"></status>
</suite>
<statistics>
<total>
<stat pass="4" fail="0">Critical Tests</stat>
<stat pass="4" fail="0">All Tests</stat>
</total>
<tag>
</tag>
<suite>
<stat pass="4" fail="0" id="s1" name="FT-AZ002 FilterByBrandAndStars">FT-AZ002 FilterByBrandAndStars</stat>
</suite>
</statistics>
<errors>
</errors>
</robot>
