<?xml version="1.0" encoding="UTF-8"?>
<robot generator="Robot 3.1.2 (Python 3.8.2 on win32)" generated="20200409 17:38:57.668" rpa="false">
<suite id="s1" name="FT-AZ003 SearchByTopCategories" source="C:\Users\Rjosh-PC\PycharmProjects\AmazonAutomation\Scripts\Products\FT-AZ003_SearchByTopCategories.robot">
<test id="s1-t1" name="Search by Category">
<kw name="Open Amazon Homepage" library="scenarioHomepage">
<doc>This will open a browser and Amazon Homepage</doc>
<kw name="Open Browser" library="Selenium2Library">
<doc>Opens a new browser instance to the optional ``url``.</doc>
<arguments>
<arg>${test_envi}</arg>
<arg>${browser}</arg>
</arguments>
<msg timestamp="20200409 17:38:59.358" level="INFO">Opening browser 'Chrome' to base url 'https://www.amazon.com/'.</msg>
<status status="PASS" starttime="20200409 17:38:59.358" endtime="20200409 17:39:05.024"></status>
</kw>
<kw name="Maximize Browser Window" library="Selenium2Library">
<doc>Maximizes current browser window.</doc>
<status status="PASS" starttime="20200409 17:39:05.025" endtime="20200409 17:39:06.182"></status>
</kw>
<kw name="Wait Until Page Contains Element" library="Selenium2Library">
<doc>Waits until the element ``locator`` appears on the current page.</doc>
<arguments>
<arg>${homepage_amazonlogo}</arg>
<arg>timeout=60</arg>
</arguments>
<status status="PASS" starttime="20200409 17:39:06.182" endtime="20200409 17:39:06.205"></status>
</kw>
<kw name="Sleep" library="BuiltIn">
<doc>Pauses the test executed for the given time.</doc>
<arguments>
<arg>3</arg>
</arguments>
<msg timestamp="20200409 17:39:09.207" level="INFO">Slept 3 seconds</msg>
<status status="PASS" starttime="20200409 17:39:06.206" endtime="20200409 17:39:09.207"></status>
</kw>
<kw name="Element Should Be Visible" library="Selenium2Library">
<doc>Verifies that the element identified by ``locator`` is visible.</doc>
<arguments>
<arg>${homepage_inputsearch}</arg>
</arguments>
<msg timestamp="20200409 17:39:09.239" level="INFO">Element '//div[@id='nav-search']//input[@id='twotabsearchtextbox']' is displayed.</msg>
<status status="PASS" starttime="20200409 17:39:09.207" endtime="20200409 17:39:09.239"></status>
</kw>
<kw name="Element Should Be Visible" library="Selenium2Library">
<doc>Verifies that the element identified by ``locator`` is visible.</doc>
<arguments>
<arg>${homepage_buttonsearch}</arg>
</arguments>
<msg timestamp="20200409 17:39:09.293" level="INFO">Element '//div[@id='nav-search']//input[@value='Go']' is displayed.</msg>
<status status="PASS" starttime="20200409 17:39:09.240" endtime="20200409 17:39:09.294"></status>
</kw>
<kw name="Page Should Contain Element" library="Selenium2Library">
<doc>Verifies that element ``locator`` is found on the current page.</doc>
<arguments>
<arg>${homepage_dropdownfilter}</arg>
</arguments>
<msg timestamp="20200409 17:39:09.314" level="INFO">Current page contains element '//div[@id='nav-search']//select[@id='searchDropdownBox']'.</msg>
<status status="PASS" starttime="20200409 17:39:09.294" endtime="20200409 17:39:09.314"></status>
</kw>
<kw name="Element Should Be Visible" library="Selenium2Library">
<doc>Verifies that the element identified by ``locator`` is visible.</doc>
<arguments>
<arg>${homepage_iconcart}</arg>
</arguments>
<msg timestamp="20200409 17:39:09.346" level="INFO">Element '//div[@id='nav-tools']//a[@id='nav-cart']' is displayed.</msg>
<status status="PASS" starttime="20200409 17:39:09.315" endtime="20200409 17:39:09.346"></status>
</kw>
<kw name="Element Should Be Visible" library="Selenium2Library">
<doc>Verifies that the element identified by ``locator`` is visible.</doc>
<arguments>
<arg>${homepage_iconmenu}</arg>
</arguments>
<msg timestamp="20200409 17:39:09.368" level="INFO">Element '//div[@id='nav-belt']//a[@id='nav-hamburger-menu']' is displayed.</msg>
<status status="PASS" starttime="20200409 17:39:09.347" endtime="20200409 17:39:09.368"></status>
</kw>
<status status="PASS" starttime="20200409 17:38:59.358" endtime="20200409 17:39:09.368"></status>
</kw>
<kw name="Shop by Category" library="scenarioHomepage">
<doc>This will display the searc hresults by selected Category</doc>
<arguments>
<arg>${generalcategory}</arg>
<arg>${specificcategory}</arg>
</arguments>
<kw name="Wait Until Element Is Visible" library="Selenium2Library">
<doc>Waits until the element ``locator`` is visible.</doc>
<arguments>
<arg>${homepage_iconmenu}</arg>
<arg>timeout=60</arg>
</arguments>
<status status="PASS" starttime="20200409 17:39:09.369" endtime="20200409 17:39:09.384"></status>
</kw>
<kw name="Sleep" library="BuiltIn">
<doc>Pauses the test executed for the given time.</doc>
<arguments>
<arg>2</arg>
</arguments>
<msg timestamp="20200409 17:39:11.385" level="INFO">Slept 2 seconds</msg>
<status status="PASS" starttime="20200409 17:39:09.384" endtime="20200409 17:39:11.385"></status>
</kw>
<kw name="Click Element" library="Selenium2Library">
<doc>Click the element identified by ``locator``.</doc>
<arguments>
<arg>${homepage_iconmenu}</arg>
</arguments>
<msg timestamp="20200409 17:39:11.386" level="INFO">Clicking element '//div[@id='nav-belt']//a[@id='nav-hamburger-menu']'.</msg>
<status status="PASS" starttime="20200409 17:39:11.385" endtime="20200409 17:39:11.452"></status>
</kw>
<kw name="Wait Until Element Is Visible" library="Selenium2Library">
<doc>Waits until the element ``locator`` is visible.</doc>
<arguments>
<arg>${homepage_modalmenushopbycategory}</arg>
<arg>timeout=60</arg>
</arguments>
<status status="PASS" starttime="20200409 17:39:11.452" endtime="20200409 17:39:11.937"></status>
</kw>
<kw name="Wait Until Element Is Visible" library="Selenium2Library">
<doc>Waits until the element ``locator`` is visible.</doc>
<arguments>
<arg>//div[@id='hmenu-content']//li[contains(.,'${generalCategory}')]</arg>
<arg>timeout=60</arg>
</arguments>
<status status="PASS" starttime="20200409 17:39:11.938" endtime="20200409 17:39:11.976"></status>
</kw>
<kw name="Sleep" library="BuiltIn">
<doc>Pauses the test executed for the given time.</doc>
<arguments>
<arg>2</arg>
</arguments>
<msg timestamp="20200409 17:39:13.978" level="INFO">Slept 2 seconds</msg>
<status status="PASS" starttime="20200409 17:39:11.977" endtime="20200409 17:39:13.978"></status>
</kw>
<kw name="Click Element" library="Selenium2Library">
<doc>Click the element identified by ``locator``.</doc>
<arguments>
<arg>//div[@id='hmenu-content']//li[contains(.,'${generalCategory}')]</arg>
</arguments>
<msg timestamp="20200409 17:39:13.980" level="INFO">Clicking element '//div[@id='hmenu-content']//li[contains(.,'Smart Home')]'.</msg>
<status status="PASS" starttime="20200409 17:39:13.979" endtime="20200409 17:39:21.846"></status>
</kw>
<kw name="Wait Until Element Is Visible" library="Selenium2Library">
<doc>Waits until the element ``locator`` is visible.</doc>
<arguments>
<arg>//div[@id='hmenu-content']//li[contains(.,'${specificCategory}')]</arg>
<arg>timeout=60</arg>
</arguments>
<status status="PASS" starttime="20200409 17:39:21.847" endtime="20200409 17:39:21.890"></status>
</kw>
<kw name="Sleep" library="BuiltIn">
<doc>Pauses the test executed for the given time.</doc>
<arguments>
<arg>2</arg>
</arguments>
<msg timestamp="20200409 17:39:23.892" level="INFO">Slept 2 seconds</msg>
<status status="PASS" starttime="20200409 17:39:21.891" endtime="20200409 17:39:23.893"></status>
</kw>
<kw name="Click Element" library="Selenium2Library">
<doc>Click the element identified by ``locator``.</doc>
<arguments>
<arg>//div[@id='hmenu-content']//li[contains(.,'${specificCategory}')]</arg>
</arguments>
<msg timestamp="20200409 17:39:23.895" level="INFO">Clicking element '//div[@id='hmenu-content']//li[contains(.,'Cameras')]'.</msg>
<status status="PASS" starttime="20200409 17:39:23.894" endtime="20200409 17:39:27.691"></status>
</kw>
<kw name="Sleep" library="BuiltIn">
<doc>Pauses the test executed for the given time.</doc>
<arguments>
<arg>2</arg>
</arguments>
<msg timestamp="20200409 17:39:29.693" level="INFO">Slept 2 seconds</msg>
<status status="PASS" starttime="20200409 17:39:27.692" endtime="20200409 17:39:29.693"></status>
</kw>
<status status="PASS" starttime="20200409 17:39:09.369" endtime="20200409 17:39:29.694"></status>
</kw>
<doc>This will search product by category and it should be redirect to Result Page of the selected Category</doc>
<status status="PASS" starttime="20200409 17:38:59.356" endtime="20200409 17:39:29.695" critical="yes"></status>
</test>
<test id="s1-t2" name="Search and Verify the selected Product Details">
<kw name="Select Product in Category" library="scenarioSearchResults">
<doc>This will select the product in Category</doc>
<arguments>
<arg>${productTitle}</arg>
<arg>${productPrice}</arg>
</arguments>
<kw name="Wait Until Element Is Visible" library="Selenium2Library">
<doc>Waits until the element ``locator`` is visible.</doc>
<arguments>
<arg>//div[contains(@id,'acs-product-block') and contains(.,'${productTitle}') and contains(.,'${productPrice}')]//img</arg>
<arg>timeout=60</arg>
</arguments>
<status status="PASS" starttime="20200409 17:39:29.710" endtime="20200409 17:39:29.751"></status>
</kw>
<kw name="Click Element" library="Selenium2Library">
<doc>Click the element identified by ``locator``.</doc>
<arguments>
<arg>//div[contains(@id,'acs-product-block') and contains(.,'${productTitle}') and contains(.,'${productPrice}')]//img</arg>
</arguments>
<msg timestamp="20200409 17:39:29.752" level="INFO">Clicking element '//div[contains(@id,'acs-product-block') and contains(.,'Wyze Cam 1080p HD Indoor Wireless Smart Home Camera with Night Vision, 2-Way Audio') and contains(.,'$25.98')]//img'.</msg>
<status status="PASS" starttime="20200409 17:39:29.751" endtime="20200409 17:39:34.330"></status>
</kw>
<kw name="Sleep" library="BuiltIn">
<doc>Pauses the test executed for the given time.</doc>
<arguments>
<arg>2</arg>
</arguments>
<msg timestamp="20200409 17:39:36.331" level="INFO">Slept 2 seconds</msg>
<status status="PASS" starttime="20200409 17:39:34.330" endtime="20200409 17:39:36.332"></status>
</kw>
<status status="PASS" starttime="20200409 17:39:29.710" endtime="20200409 17:39:36.332"></status>
</kw>
<kw name="Verify if the Product selected opens" library="scenarioProductDetails">
<doc>This will open the product selected in Product Details Page</doc>
<arguments>
<arg>${productTitle}</arg>
<arg>${productPrice}</arg>
</arguments>
<kw name="Wait Until Element Is Visible" library="Selenium2Library">
<doc>Waits until the element ``locator`` is visible.</doc>
<arguments>
<arg>//span[@id='productTitle' and contains(.,'${productTitle}')]</arg>
<arg>timeout=60</arg>
</arguments>
<status status="PASS" starttime="20200409 17:39:36.334" endtime="20200409 17:39:36.386"></status>
</kw>
<kw name="Wait Until Element Is Visible" library="Selenium2Library">
<doc>Waits until the element ``locator`` is visible.</doc>
<arguments>
<arg>//div[@id='price']//span[@id='priceblock_ourprice' and contains(.,'${productPrice}')]</arg>
</arguments>
<status status="PASS" starttime="20200409 17:39:36.387" endtime="20200409 17:39:36.435"></status>
</kw>
<kw name="Sleep" library="BuiltIn">
<doc>Pauses the test executed for the given time.</doc>
<arguments>
<arg>2</arg>
</arguments>
<msg timestamp="20200409 17:39:38.436" level="INFO">Slept 2 seconds</msg>
<status status="PASS" starttime="20200409 17:39:36.435" endtime="20200409 17:39:38.437"></status>
</kw>
<status status="PASS" starttime="20200409 17:39:36.333" endtime="20200409 17:39:38.438"></status>
</kw>
<doc>This will search and verify the details of the selected Products</doc>
<status status="PASS" starttime="20200409 17:39:29.708" endtime="20200409 17:39:38.439" critical="yes"></status>
</test>
<test id="s1-t3" name="Ending Script Execution">
<kw name="Closing Browser" library="scenarioHomepage">
<doc>This will close the browser open</doc>
<kw name="Sleep" library="BuiltIn">
<doc>Pauses the test executed for the given time.</doc>
<arguments>
<arg>2</arg>
</arguments>
<msg timestamp="20200409 17:39:40.448" level="INFO">Slept 2 seconds</msg>
<status status="PASS" starttime="20200409 17:39:38.447" endtime="20200409 17:39:40.449"></status>
</kw>
<kw name="Close Browser" library="Selenium2Library">
<doc>Closes the current browser.</doc>
<status status="PASS" starttime="20200409 17:39:40.450" endtime="20200409 17:39:43.440"></status>
</kw>
<status status="PASS" starttime="20200409 17:39:38.445" endtime="20200409 17:39:43.440"></status>
</kw>
<doc>This will close all the browser and end the script execution</doc>
<status status="PASS" starttime="20200409 17:39:38.443" endtime="20200409 17:39:43.442" critical="yes"></status>
</test>
<doc>This script will search a product
and add it to cart and verify if the item was successfully added to the cart</doc>
<status status="PASS" starttime="20200409 17:38:57.687" endtime="20200409 17:39:43.447"></status>
</suite>
<statistics>
<total>
<stat pass="3" fail="0">Critical Tests</stat>
<stat pass="3" fail="0">All Tests</stat>
</total>
<tag>
</tag>
<suite>
<stat pass="3" fail="0" id="s1" name="FT-AZ003 SearchByTopCategories">FT-AZ003 SearchByTopCategories</stat>
</suite>
</statistics>
<errors>
</errors>
</robot>
