<?xml version="1.0" encoding="UTF-8"?>
<robot generator="Robot 3.2.2 (Python 3.8.5 on win32)" generated="20210106 20:28:35.428" rpa="false">
<suite id="s1" name="LoginApplication" source="C:\Users\RemmelO\Desktop\My_Files\Robot Framework\documentation\PycharmProjects\secondRobotAutomation\Script\LoginApplication.robot">
<test id="s1-t1" name="LoginTest">
<kw name="To open the application" library="login_scenario">
<kw name="Open Browser" library="SeleniumLibrary">
<doc>Opens a new browser instance to the optional ``url``.</doc>
<arguments>
<arg>${url}</arg>
<arg>${browser}</arg>
</arguments>
<msg timestamp="20210106 20:28:41.453" level="INFO">Opening browser 'chrome' to base url 'https://demo.nopcommerce.com/'.</msg>
<status status="PASS" starttime="20210106 20:28:41.453" endtime="20210106 20:29:00.258"></status>
</kw>
<status status="PASS" starttime="20210106 20:28:41.453" endtime="20210106 20:29:00.258"></status>
</kw>
<kw name="To login the application" library="login_scenario">
<arguments>
<arg>${user_email}</arg>
<arg>${user_password}</arg>
</arguments>
<kw name="Maximize Browser Window" library="SeleniumLibrary">
<doc>Maximizes current browser window.</doc>
<status status="PASS" starttime="20210106 20:29:00.259" endtime="20210106 20:29:00.476"></status>
</kw>
<kw name="Sleep" library="BuiltIn">
<doc>Pauses the test executed for the given time.</doc>
<arguments>
<arg>1</arg>
</arguments>
<msg timestamp="20210106 20:29:01.477" level="INFO">Slept 1 second</msg>
<status status="PASS" starttime="20210106 20:29:00.476" endtime="20210106 20:29:01.477"></status>
</kw>
<kw name="Click Link" library="SeleniumLibrary">
<doc>Clicks a link identified by ``locator``.</doc>
<arguments>
<arg>${login_link}</arg>
</arguments>
<msg timestamp="20210106 20:29:01.477" level="INFO">Clicking link '//div[@class='header-links']//a[@class='ico-login']'.</msg>
<status status="PASS" starttime="20210106 20:29:01.477" endtime="20210106 20:29:03.424"></status>
</kw>
<kw name="Sleep" library="BuiltIn">
<doc>Pauses the test executed for the given time.</doc>
<arguments>
<arg>2</arg>
</arguments>
<msg timestamp="20210106 20:29:05.425" level="INFO">Slept 2 seconds</msg>
<status status="PASS" starttime="20210106 20:29:03.425" endtime="20210106 20:29:05.425"></status>
</kw>
<kw name="Input Text" library="SeleniumLibrary">
<doc>Types the given ``text`` into the text field identified by ``locator``.</doc>
<arguments>
<arg>${input_email}</arg>
<arg>text=${user_email}</arg>
</arguments>
<msg timestamp="20210106 20:29:05.425" level="INFO">Typing text 'pavanoLtraining@gmail.com' into text field '//div[@class='form-fields']//input[@id='Email']'.</msg>
<status status="PASS" starttime="20210106 20:29:05.425" endtime="20210106 20:29:05.642"></status>
</kw>
<kw name="Input Text" library="SeleniumLibrary">
<doc>Types the given ``text`` into the text field identified by ``locator``.</doc>
<arguments>
<arg>${input_password}</arg>
<arg>text=${user_password}</arg>
</arguments>
<msg timestamp="20210106 20:29:05.643" level="INFO">Typing text 'Test123!' into text field '//div[@class='form-fields']//input[@id='Password']'.</msg>
<status status="PASS" starttime="20210106 20:29:05.643" endtime="20210106 20:29:05.761"></status>
</kw>
<kw name="Click Element" library="SeleniumLibrary">
<doc>Click the element identified by ``locator``.</doc>
<arguments>
<arg>${login_button}</arg>
</arguments>
<msg timestamp="20210106 20:29:05.761" level="INFO">Clicking element '//div[@class='buttons']//input[@class='button-1 login-button']'.</msg>
<status status="PASS" starttime="20210106 20:29:05.761" endtime="20210106 20:29:07.175"></status>
</kw>
<status status="PASS" starttime="20210106 20:29:00.258" endtime="20210106 20:29:07.175"></status>
</kw>
<kw name="Close Browser" library="SeleniumLibrary">
<doc>Closes the current browser.</doc>
<status status="PASS" starttime="20210106 20:29:07.175" endtime="20210106 20:29:09.697"></status>
</kw>
<status status="PASS" starttime="20210106 20:28:41.452" endtime="20210106 20:29:09.698" critical="yes"></status>
</test>
<doc>To Login scenario</doc>
<status status="PASS" starttime="20210106 20:28:35.432" endtime="20210106 20:29:09.700"></status>
</suite>
<statistics>
<total>
<stat pass="1" fail="0">Critical Tests</stat>
<stat pass="1" fail="0">All Tests</stat>
</total>
<tag>
</tag>
<suite>
<stat pass="1" fail="0" id="s1" name="LoginApplication">LoginApplication</stat>
</suite>
</statistics>
<errors>
</errors>
</robot>
